<?xml version="1.0" encoding="UTF-8"?>
<!-- Generated by org.testng.reporters.JUnitReportReporter -->
<testsuite hostname="DESKTOP-QEM9HKR" failures="0" tests="1" name="SeleniumDemoScript1.TestNgPassParameter" time="0.006" errors="0" timestamp="2020-12-17T17:18:13 CST" skipped="0">
  <testcase classname="SeleniumDemoScript1.TestNgPassParameter" name="parameterTesttest" time="0.006"/>
  <system-out/>
</testsuite> <!-- SeleniumDemoScript1.TestNgPassParameter -->
