<?xml version="1.0" encoding="UTF-8"?>
<!-- Generated by org.testng.reporters.JUnitReportReporter -->
<testsuite hostname="DESKTOP-QEM9HKR" failures="0" tests="1" name="SeleniumDemoScript1.POMTestCase" time="0.903" errors="0" timestamp="2020-12-19T13:33:11 CST" skipped="0">
  <testcase classname="SeleniumDemoScript1.POMTestCase" name="test_Home_Page_Appear_Correct" time="0.903"/>
  <system-out/>
</testsuite> <!-- SeleniumDemoScript1.POMTestCase -->
